{"level":"info","ts":"2022-08-28T14:32:10.512+0530","msg":"asdasd","service":"dist-app","client_ip":"::1","latency":"51.041µs","method":"GET","path":"/transaction-service/api/health","status":"200","referrer":"","request_id":""}
{"level":"info","ts":"2022-08-28T14:32:55.593+0530","msg":"asdasd","service":"dist-app","client_ip":"::1","latency":"46.826µs","method":"GET","path":"/transaction-service/api/health","status":"200","referrer":"","request_id":""}
{"level":"info","ts":"2022-08-29T12:07:41.162+0530","msg":"asdasd","service":"dist-app","client_ip":"::1","latency":"100.929µs","method":"GET","path":"/transaction-service/api/health","status":"200","referrer":"","request_id":""}
{"level":"info","ts":"2022-08-29T12:08:23.040+0530","msg":"asdasd","service":"dist-app","client_ip":"::1","latency":"29.829786ms","method":"POST","path":"/transaction-service/api/transactions","status":"201","referrer":"","request_id":""}
{"level":"info","ts":"2022-08-29T12:08:32.730+0530","msg":"asdasd","service":"dist-app","client_ip":"::1","latency":"18.267154ms","method":"GET","path":"/transaction-service/api/transactions","status":"200","referrer":"","request_id":""}
{"level":"info","ts":"2022-08-29T12:08:39.705+0530","msg":"asdasd","service":"dist-app","client_ip":"::1","latency":"13.100965ms","method":"GET","path":"/transaction-service/api/transactions/643aee7f-6840-4496-99f7-4cc877b07ee9","status":"200","referrer":"","request_id":""}
{"level":"info","ts":"2022-08-29T12:08:44.825+0530","msg":"asdasd","service":"dist-app","client_ip":"::1","latency":"22.780552ms","method":"DELETE","path":"/transaction-service/api/transactions/643aee7f-6840-4496-99f7-4cc877b07ee9","status":"200","referrer":"","request_id":""}
{"level":"info","ts":"2022-08-29T12:09:05.263+0530","msg":"asdasd","service":"dist-app","client_ip":"::1","latency":"5.151341ms","method":"GET","path":"/transaction-service/api/transactions/643aee7f-6840-4496-99f7-4cc877b07ee9","status":"200","referrer":"","request_id":""}
{"level":"info","ts":"2022-08-29T12:09:09.540+0530","msg":"asdasd","service":"dist-app","client_ip":"::1","latency":"41.141µs","method":"GET","path":"/transaction-service/api/health","status":"200","referrer":"","request_id":""}
{"level":"info","ts":"2022-08-29T12:09:14.117+0530","msg":"asdasd","service":"dist-app","client_ip":"::1","latency":"3.686071ms","method":"GET","path":"/transaction-service/api/transactions","status":"200","referrer":"","request_id":""}
{"level":"info","ts":"2022-08-29T12:16:04.906+0530","msg":"asdasd","service":"dist-app","client_ip":"::1","latency":"54.944µs","method":"GET","path":"/transaction-service/api/health","status":"200","referrer":"","request_id":""}
{"level":"info","ts":"2022-08-29T12:16:07.957+0530","msg":"asdasd","service":"dist-app","client_ip":"::1","latency":"40.701009ms","method":"POST","path":"/transaction-service/api/transactions","status":"201","referrer":"","request_id":""}
{"level":"info","ts":"2022-08-29T12:16:11.505+0530","msg":"asdasd","service":"dist-app","client_ip":"::1","latency":"14.82362ms","method":"GET","path":"/transaction-service/api/transactions","status":"200","referrer":"","request_id":""}
{"level":"info","ts":"2022-08-29T12:16:17.694+0530","msg":"asdasd","service":"dist-app","client_ip":"::1","latency":"9.496983ms","method":"GET","path":"/transaction-service/api/transactions/1f2de854-c874-4ad6-97d0-00766902264b","status":"200","referrer":"","request_id":""}
{"level":"info","ts":"2022-08-29T12:16:22.715+0530","msg":"asdasd","service":"dist-app","client_ip":"::1","latency":"28.184839ms","method":"DELETE","path":"/transaction-service/api/transactions/1f2de854-c874-4ad6-97d0-00766902264b","status":"200","referrer":"","request_id":""}
{"level":"info","ts":"2022-08-29T12:16:26.989+0530","msg":"asdasd","service":"dist-app","client_ip":"::1","latency":"4.283568ms","method":"GET","path":"/transaction-service/api/transactions/1f2de854-c874-4ad6-97d0-00766902264b","status":"400","referrer":"","request_id":""}
{"level":"info","ts":"2022-08-29T12:29:19.967+0530","msg":"asdasd","service":"dist-app","client_ip":"::1","latency":"32.384779ms","method":"POST","path":"/transaction-service/api/transactions","status":"201","referrer":"","request_id":""}
{"level":"info","ts":"2022-08-29T12:29:22.991+0530","msg":"asdasd","service":"dist-app","client_ip":"::1","latency":"41.581µs","method":"GET","path":"/transaction-service/api/health","status":"200","referrer":"","request_id":""}
{"level":"info","ts":"2022-08-29T12:29:28.840+0530","msg":"asdasd","service":"dist-app","client_ip":"::1","latency":"12.715521ms","method":"GET","path":"/transaction-service/api/transactions","status":"200","referrer":"","request_id":""}
{"level":"info","ts":"2022-08-29T12:29:35.966+0530","msg":"asdasd","service":"dist-app","client_ip":"::1","latency":"7.421902ms","method":"GET","path":"/transaction-service/api/transactions/f927a779-1104-4570-9c40-403d2b0d3346","status":"200","referrer":"","request_id":""}
{"level":"info","ts":"2022-08-29T12:29:42.519+0530","msg":"asdasd","service":"dist-app","client_ip":"::1","latency":"25.161935ms","method":"DELETE","path":"/transaction-service/api/transactions/f927a779-1104-4570-9c40-403d2b0d3346","status":"200","referrer":"","request_id":""}
{"level":"info","ts":"2022-08-29T12:29:48.857+0530","msg":"asdasd","service":"dist-app","client_ip":"::1","latency":"7.720474ms","method":"GET","path":"/transaction-service/api/transactions/f927a779-1104-4570-9c40-403d2b0d3346","status":"400","referrer":"","request_id":""}
{"level":"info","ts":"2022-08-29T12:29:52.438+0530","msg":"asdasd","service":"dist-app","client_ip":"::1","latency":"6.716737ms","method":"GET","path":"/transaction-service/api/transactions","status":"200","referrer":"","request_id":""}
